<?xml version="1.0" encoding="UTF-8"?>
<testsuites name="test-suite-load-landings" time="44.115" tests="2" failures="0" errors="0">
   <testsuite name="test-suite-load-landings" tests="2" failures="0" errors="0" time="44.115" skipped="0" timestamp="2022-11-21 14:50:17" hostname="alvaromendoza - 192.168.1.137" id="Test Suites/test-suite-load-landings">
      <properties>
         <property name="deviceName" value=""/>
         <property name="devicePlatform" value=""/>
         <property name="logFolder" value="/Users/alvaromendoza/Katalon Studio/My First Web UI Project/Reports/20221121_144949/test-suite-load-landings/20221121_144949"/>
         <property name="logFiles" value="/Users/alvaromendoza/Katalon Studio/My First Web UI Project/Reports/20221121_144949/test-suite-load-landings/20221121_144949/execution0.log"/>
         <property name="attachments" value=""/>
         <property name="hostName" value="alvaromendoza - 192.168.1.137"/>
         <property name="os" value="Mac OS X 64bit"/>
         <property name="katalonVersion" value="8.5.2.208"/>
         <property name="browser" value="Chrome 107.0.0.0"/>
         <property name="hostAddress" value="192.168.1.137"/>
         <property name="sessionId" value="71874b6ad8741f2c04887bc465205210"/>
         <property name="seleniumVersion" value="3.141.59"/>
         <property name="proxyInformation" value="ProxyInformation { proxyOption=NO_PROXY, proxyServerType=HTTP, username=, password=********, proxyServerAddress=, proxyServerPort=0, executionList=&quot;&quot;, isApplyToDesiredCapabilities=true }"/>
         <property name="platform" value="Mac OS X"/>
      </properties>
      <testcase name="Test Cases/homego-load-home" time="21.129" classname="Test Cases/homego-load-home" status="PASSED">
         <system-out><![CDATA[2022-11-21 14:50:17 - [TEST_CASE][PASSED] - Test Cases/homego-load-home: Test Cases/homego-load-home

2022-11-21 14:50:18 - [TEST_STEP][PASSED] - openBrowser(""): Browser is opened with url: ''

2022-11-21 14:50:18 - [MESSAGE][INFO] - Starting 'Chrome' driver

2022-11-21 14:50:18 - [MESSAGE][INFO] - Action delay is set to 0 milliseconds

2022-11-21 14:50:25 - [MESSAGE][PASSED] - Browser is opened with url: ''

2022-11-21 14:50:25 - [TEST_STEP][PASSED] - navigateToUrl("https://yoigo-alarms-frontend.dev.k8s.masmovil.com/"): Navigate to 'https://yoigo-alarms-frontend.dev.k8s.masmovil.com/' successfully

2022-11-21 14:50:36 - [MESSAGE][PASSED] - Navigate to 'https://yoigo-alarms-frontend.dev.k8s.masmovil.com/' successfully

2022-11-21 14:50:36 - [TEST_STEP][PASSED] - click(findTestObject("Object Repository/Page_Alarmas en Espaa - HomeGO de Yoigo/button_Aceptar")): Object: 'Object Repository/Page_Alarmas en Espaa - HomeGO de Yoigo/button_Aceptar' is clicked on

2022-11-21 14:50:38 - [MESSAGE][PASSED] - Object: 'Object Repository/Page_Alarmas en Espaa - HomeGO de Yoigo/button_Aceptar' is clicked on

2022-11-21 14:50:38 - [TEST_STEP][PASSED] - closeBrowser(): Browser is closed

2022-11-21 14:50:38 - [MESSAGE][PASSED] - Browser is closed]]></system-out>
         <system-err><![CDATA[]]></system-err>
      </testcase>
      <testcase name="Test Cases/homego-load-pisos" time="22.514" classname="Test Cases/homego-load-pisos" status="PASSED">
         <system-out><![CDATA[2022-11-21 14:50:38 - [TEST_CASE][PASSED] - Test Cases/homego-load-pisos: Test Cases/homego-load-pisos

2022-11-21 14:50:39 - [TEST_STEP][PASSED] - openBrowser(""): Browser is opened with url: ''

2022-11-21 14:50:39 - [MESSAGE][INFO] - Starting 'Chrome' driver

2022-11-21 14:50:39 - [MESSAGE][INFO] - Action delay is set to 0 milliseconds

2022-11-21 14:50:43 - [MESSAGE][PASSED] - Browser is opened with url: ''

2022-11-21 14:50:43 - [TEST_STEP][PASSED] - navigateToUrl("https://yoigo-alarms-frontend.dev.k8s.masmovil.com/"): Navigate to 'https://yoigo-alarms-frontend.dev.k8s.masmovil.com/' successfully

2022-11-21 14:50:53 - [MESSAGE][PASSED] - Navigate to 'https://yoigo-alarms-frontend.dev.k8s.masmovil.com/' successfully

2022-11-21 14:50:53 - [TEST_STEP][PASSED] - click(findTestObject("Object Repository/Page_Alarmas en Espaa - HomeGO de Yoigo/button_Aceptar")): Object: 'Object Repository/Page_Alarmas en Espaa - HomeGO de Yoigo/button_Aceptar' is clicked on

2022-11-21 14:50:56 - [MESSAGE][PASSED] - Object: 'Object Repository/Page_Alarmas en Espaa - HomeGO de Yoigo/button_Aceptar' is clicked on

2022-11-21 14:50:56 - [TEST_STEP][PASSED] - click(findTestObject("Object Repository/Page_Alarmas en Espaa - HomeGO de Yoigo/a_Ms info")): Object: 'Object Repository/Page_Alarmas en Espaa - HomeGO de Yoigo/a_Ms info' is clicked on

2022-11-21 14:51:01 - [MESSAGE][PASSED] - Object: 'Object Repository/Page_Alarmas en Espaa - HomeGO de Yoigo/a_Ms info' is clicked on

2022-11-21 14:51:01 - [TEST_STEP][PASSED] - closeBrowser(): Browser is closed

2022-11-21 14:51:01 - [MESSAGE][PASSED] - Browser is closed]]></system-out>
         <system-err><![CDATA[]]></system-err>
      </testcase>
      <system-out><![CDATA[2022-11-21 14:50:17 - [TEST_SUITE][PASSED] - test-suite-load-landings: Test Cases/homego-load-pisos]]></system-out>
      <system-err><![CDATA[]]></system-err>
   </testsuite>
</testsuites>
