<?xml version="1.0" encoding="UTF-8"?>
<testsuites name="test-collection" time="96.146" tests="3" failures="0" errors="0">
   <testsuite name="test-suite-load-landings" tests="2" failures="0" errors="0" time="43.562" skipped="0" timestamp="2022-11-25 13:53:07" hostname="alvaromendoza - 192.168.1.137" id="Test Suites/test-suite-load-landings">
      <properties>
         <property name="deviceName" value=""/>
         <property name="devicePlatform" value=""/>
         <property name="logFolder" value="/Users/alvaromendoza/Documents/work/masmovil/alarmas/testing/katalon/katalon/Reports/20221125_135206/test-suite-load-landings/20221125_135218"/>
         <property name="logFiles" value="/Users/alvaromendoza/Documents/work/masmovil/alarmas/testing/katalon/katalon/Reports/20221125_135206/test-suite-load-landings/20221125_135218/execution0.log"/>
         <property name="attachments" value=""/>
         <property name="hostName" value="alvaromendoza - 192.168.1.137"/>
         <property name="os" value="Mac OS X 64bit"/>
         <property name="katalonVersion" value="8.5.2.208"/>
         <property name="browser" value="Chrome 107.0.0.0"/>
         <property name="hostAddress" value="192.168.1.137"/>
         <property name="sessionId" value="e5da4d4e038bfeacc2601a10740cbfc6"/>
         <property name="seleniumVersion" value="3.141.59"/>
         <property name="proxyInformation" value="ProxyInformation { proxyOption=NO_PROXY, proxyServerType=HTTP, username=, password=********, proxyServerAddress=, proxyServerPort=0, executionList=&quot;&quot;, isApplyToDesiredCapabilities=true }"/>
         <property name="platform" value="Mac OS X"/>
      </properties>
      <testcase name="Test Cases/homego-load-home" time="20.673" classname="Test Cases/homego-load-home" status="PASSED">
         <system-out><![CDATA[2022-11-25 13:53:08 - [TEST_CASE][PASSED] - Test Cases/homego-load-home: Test Cases/homego-load-home

2022-11-25 13:53:08 - [TEST_STEP][PASSED] - openBrowser("https://yoigo-alarms-frontend.dev.k8s.masmovil.com/"): Browser is opened with url: 'https://yoigo-alarms-frontend.dev.k8s.masmovil.com/'

2022-11-25 13:53:09 - [MESSAGE][INFO] - Starting 'Chrome' driver

2022-11-25 13:53:09 - [MESSAGE][INFO] - Action delay is set to 0 milliseconds

2022-11-25 13:53:25 - [MESSAGE][PASSED] - Browser is opened with url: 'https://yoigo-alarms-frontend.dev.k8s.masmovil.com/'

2022-11-25 13:53:25 - [TEST_STEP][PASSED] - click(findTestObject("Object Repository/Page_Alarmas en Espaa - HomeGO de Yoigo/button_Aceptar")): Object: 'Object Repository/Page_Alarmas en Espaa - HomeGO de Yoigo/button_Aceptar' is clicked on

2022-11-25 13:53:28 - [MESSAGE][PASSED] - Object: 'Object Repository/Page_Alarmas en Espaa - HomeGO de Yoigo/button_Aceptar' is clicked on

2022-11-25 13:53:28 - [TEST_STEP][PASSED] - closeBrowser(): Browser is closed

2022-11-25 13:53:29 - [MESSAGE][PASSED] - Browser is closed]]></system-out>
         <system-err><![CDATA[]]></system-err>
      </testcase>
      <testcase name="Test Cases/homego-load-pisos" time="22.413" classname="Test Cases/homego-load-pisos" status="PASSED">
         <system-out><![CDATA[2022-11-25 13:53:29 - [TEST_CASE][PASSED] - Test Cases/homego-load-pisos: Test Cases/homego-load-pisos

2022-11-25 13:53:29 - [TEST_STEP][PASSED] - openBrowser("https://yoigo-alarms-frontend.dev.k8s.masmovil.com/"): Browser is opened with url: 'https://yoigo-alarms-frontend.dev.k8s.masmovil.com/'

2022-11-25 13:53:29 - [MESSAGE][INFO] - Starting 'Chrome' driver

2022-11-25 13:53:29 - [MESSAGE][INFO] - Action delay is set to 0 milliseconds

2022-11-25 13:53:44 - [MESSAGE][PASSED] - Browser is opened with url: 'https://yoigo-alarms-frontend.dev.k8s.masmovil.com/'

2022-11-25 13:53:44 - [TEST_STEP][PASSED] - click(findTestObject("Object Repository/Page_Alarmas en Espaa - HomeGO de Yoigo/button_Aceptar")): Object: 'Object Repository/Page_Alarmas en Espaa - HomeGO de Yoigo/button_Aceptar' is clicked on

2022-11-25 13:53:46 - [MESSAGE][PASSED] - Object: 'Object Repository/Page_Alarmas en Espaa - HomeGO de Yoigo/button_Aceptar' is clicked on

2022-11-25 13:53:46 - [TEST_STEP][PASSED] - click(findTestObject("Object Repository/Page_Alarmas en Espaa - HomeGO de Yoigo/a_Ms info")): Object: 'Object Repository/Page_Alarmas en Espaa - HomeGO de Yoigo/a_Ms info' is clicked on

2022-11-25 13:53:51 - [MESSAGE][PASSED] - Object: 'Object Repository/Page_Alarmas en Espaa - HomeGO de Yoigo/a_Ms info' is clicked on

2022-11-25 13:53:51 - [TEST_STEP][PASSED] - closeBrowser(): Browser is closed

2022-11-25 13:53:51 - [MESSAGE][PASSED] - Browser is closed]]></system-out>
         <system-err><![CDATA[]]></system-err>
      </testcase>
      <system-out><![CDATA[2022-11-25 13:53:07 - [TEST_SUITE][PASSED] - test-suite-load-landings: Test Cases/homego-load-pisos]]></system-out>
      <system-err><![CDATA[]]></system-err>
   </testsuite>
   <testsuite name="test-suite-load-landing-by-side" tests="1" failures="0" errors="0" time="25.55" skipped="0" timestamp="2022-11-25 13:54:07" hostname="alvaromendoza - 192.168.1.137" id="Test Suites/test-suite-load-landing-by-side">
      <properties>
         <property name="deviceName" value=""/>
         <property name="devicePlatform" value=""/>
         <property name="logFolder" value="/Users/alvaromendoza/Documents/work/masmovil/alarmas/testing/katalon/katalon/Reports/20221125_135206/test-suite-load-landing-by-side/20221125_135238"/>
         <property name="logFiles" value="/Users/alvaromendoza/Documents/work/masmovil/alarmas/testing/katalon/katalon/Reports/20221125_135206/test-suite-load-landing-by-side/20221125_135238/execution0.log"/>
         <property name="attachments" value=""/>
         <property name="hostName" value="alvaromendoza - 192.168.1.137"/>
         <property name="os" value="Mac OS X 64bit"/>
         <property name="katalonVersion" value="8.5.2.208"/>
         <property name="browser" value="Chrome 107.0.0.0"/>
         <property name="hostAddress" value="192.168.1.137"/>
         <property name="sessionId" value="05b50186504567f6211bb1b8311ee033"/>
         <property name="seleniumVersion" value="3.141.59"/>
         <property name="proxyInformation" value="ProxyInformation { proxyOption=NO_PROXY, proxyServerType=HTTP, username=, password=********, proxyServerAddress=, proxyServerPort=0, executionList=&quot;&quot;, isApplyToDesiredCapabilities=true }"/>
         <property name="platform" value="Mac OS X"/>
      </properties>
      <testcase name="Test Cases/homego-load-home-by-side" time="25.1" classname="Test Cases/homego-load-home-by-side" status="PASSED">
         <system-out><![CDATA[2022-11-25 13:54:07 - [TEST_CASE][PASSED] - Test Cases/homego-load-home-by-side: Test Cases/homego-load-home-by-side

2022-11-25 13:54:08 - [TEST_STEP][PASSED] - openBrowser(""): Browser is opened with url: ''

2022-11-25 13:54:08 - [MESSAGE][INFO] - Starting 'Chrome' driver

2022-11-25 13:54:08 - [MESSAGE][INFO] - Action delay is set to 0 milliseconds

2022-11-25 13:54:13 - [MESSAGE][PASSED] - Browser is opened with url: ''

2022-11-25 13:54:13 - [TEST_STEP][PASSED] - maximizeWindow(): Current window maximized

2022-11-25 13:54:14 - [MESSAGE][PASSED] - Current window maximized

2022-11-25 13:54:14 - [TEST_STEP][PASSED] - navigateToUrl("https://yoigo-alarms-frontend.dev.k8s.masmovil.com/"): Navigate to 'https://yoigo-alarms-frontend.dev.k8s.masmovil.com/' successfully

2022-11-25 13:54:24 - [MESSAGE][PASSED] - Navigate to 'https://yoigo-alarms-frontend.dev.k8s.masmovil.com/' successfully

2022-11-25 13:54:24 - [TEST_STEP][PASSED] - waitForPageLoad(50): Wait for page load successfully

2022-11-25 13:54:25 - [MESSAGE][PASSED] - Wait for page load successfully

2022-11-25 13:54:25 - [TEST_STEP][PASSED] - click(findTestObject("Object Repository/Page_Alarmas en Espaa - HomeGO de Yoigo/button_Aceptar")): Object: 'Object Repository/Page_Alarmas en Espaa - HomeGO de Yoigo/button_Aceptar' is clicked on

2022-11-25 13:54:26 - [MESSAGE][PASSED] - Object: 'Object Repository/Page_Alarmas en Espaa - HomeGO de Yoigo/button_Aceptar' is clicked on

2022-11-25 13:54:26 - [TEST_STEP][PASSED] - verifyElementPresent(findTestObject("Object Repository/Page_Alarmas en Espaa - HomeGO de Yoigo/button_Llamadme ahora"), 0): Object 'Object Repository/Page_Alarmas en Espaa - HomeGO de Yoigo/button_Llamadme ahora' is present

2022-11-25 13:54:26 - [MESSAGE][WARNING] - Timeout '0' is invalid. Using default page load timeout: '30'

2022-11-25 13:54:29 - [MESSAGE][PASSED] - Object 'Object Repository/Page_Alarmas en Espaa - HomeGO de Yoigo/button_Llamadme ahora' is present

2022-11-25 13:54:29 - [TEST_STEP][PASSED] - verifyTextPresent("¿Necesitas ayuda?", true): Text '¿Necesitas ayuda?' is present on page  using regular expression

2022-11-25 13:54:32 - [MESSAGE][PASSED] - Text '¿Necesitas ayuda?' is present on page  using regular expression

2022-11-25 13:54:32 - [TEST_STEP][PASSED] - closeBrowser(): Browser is closed

2022-11-25 13:54:33 - [MESSAGE][PASSED] - Browser is closed]]></system-out>
         <system-err><![CDATA[]]></system-err>
      </testcase>
      <system-out><![CDATA[2022-11-25 13:54:07 - [TEST_SUITE][PASSED] - test-suite-load-landing-by-side: Test Cases/homego-load-home-by-side]]></system-out>
      <system-err><![CDATA[]]></system-err>
   </testsuite>
</testsuites>
