<?xml version="1.0" encoding="UTF-8"?>
<testsuites name="test-suite-load-landing-by-side" time="55.831" tests="1" failures="0" errors="0">
   <testsuite name="test-suite-load-landing-by-side" tests="1" failures="0" errors="0" time="55.831" skipped="0" timestamp="2022-11-28 14:10:01" hostname="alvaromendoza - 192.168.1.137" id="Test Suites/test-suite-load-landing-by-side">
      <properties>
         <property name="deviceName" value=""/>
         <property name="devicePlatform" value=""/>
         <property name="logFolder" value="/Users/alvaromendoza/Documents/work/masmovil/alarmas/testing/katalon/katalon/Reports/20221128_140943/test-suite-load-landing-by-side/20221128_140943"/>
         <property name="logFiles" value="/Users/alvaromendoza/Documents/work/masmovil/alarmas/testing/katalon/katalon/Reports/20221128_140943/test-suite-load-landing-by-side/20221128_140943/execution0.log"/>
         <property name="attachments" value=""/>
         <property name="hostName" value="alvaromendoza - 192.168.1.137"/>
         <property name="os" value="Mac OS X 64bit"/>
         <property name="katalonVersion" value="8.5.2.208"/>
         <property name="browser" value="Safari 16"/>
         <property name="hostAddress" value="192.168.1.137"/>
         <property name="sessionId" value="40219E6D-A40A-473D-9AA5-05E97ECA8902"/>
         <property name="seleniumVersion" value="3.141.59"/>
         <property name="proxyInformation" value="ProxyInformation { proxyOption=NO_PROXY, proxyServerType=HTTP, username=, password=********, proxyServerAddress=, proxyServerPort=0, executionList=&quot;&quot;, isApplyToDesiredCapabilities=true }"/>
         <property name="platform" value="Mac OS X"/>
      </properties>
      <testcase name="Test Cases/homego-load-home-by-side" time="55.408" classname="Test Cases/homego-load-home-by-side" status="PASSED">
         <system-out><![CDATA[2022-11-28 14:10:01 - [TEST_CASE][PASSED] - Test Cases/homego-load-home-by-side: Test Cases/homego-load-home-by-side

2022-11-28 14:10:02 - [TEST_STEP][PASSED] - openBrowser(""): Browser is opened with url: ''

2022-11-28 14:10:02 - [MESSAGE][INFO] - Starting 'Safari' driver

2022-11-28 14:10:02 - [MESSAGE][INFO] - Action delay is set to 0 milliseconds

2022-11-28 14:10:03 - [MESSAGE][PASSED] - Browser is opened with url: ''

2022-11-28 14:10:03 - [TEST_STEP][PASSED] - maximizeWindow(): Current window maximized

2022-11-28 14:10:04 - [MESSAGE][PASSED] - Current window maximized

2022-11-28 14:10:04 - [TEST_STEP][PASSED] - navigateToUrl("https://yoigo-alarms-frontend.dev.k8s.masmovil.com/"): Navigate to 'https://yoigo-alarms-frontend.dev.k8s.masmovil.com/' successfully

2022-11-28 14:10:04 - [MESSAGE][PASSED] - Navigate to 'https://yoigo-alarms-frontend.dev.k8s.masmovil.com/' successfully

2022-11-28 14:10:04 - [TEST_STEP][PASSED] - waitForPageLoad(100): Wait for page load successfully

2022-11-28 14:10:06 - [MESSAGE][PASSED] - Wait for page load successfully

2022-11-28 14:10:06 - [TEST_STEP][PASSED] - delay(50): Delayed 50 second(s)

2022-11-28 14:10:56 - [MESSAGE][PASSED] - Delayed 50 second(s)

2022-11-28 14:10:56 - [TEST_STEP][PASSED] - click(findTestObject("Object Repository/Page_Alarmas en Espaa - HomeGO de Yoigo/button_Aceptar")): Object: 'Object Repository/Page_Alarmas en Espaa - HomeGO de Yoigo/button_Aceptar' is clicked on

2022-11-28 14:10:56 - [MESSAGE][PASSED] - Object: 'Object Repository/Page_Alarmas en Espaa - HomeGO de Yoigo/button_Aceptar' is clicked on

2022-11-28 14:10:56 - [TEST_STEP][PASSED] - verifyElementPresent(findTestObject("Object Repository/Page_Alarmas en Espaa - HomeGO de Yoigo/button_Llamadme ahora"), 0): Object 'Object Repository/Page_Alarmas en Espaa - HomeGO de Yoigo/button_Llamadme ahora' is present

2022-11-28 14:10:56 - [MESSAGE][WARNING] - Timeout '0' is invalid. Using default page load timeout: '30'

2022-11-28 14:10:56 - [MESSAGE][PASSED] - Object 'Object Repository/Page_Alarmas en Espaa - HomeGO de Yoigo/button_Llamadme ahora' is present

2022-11-28 14:10:56 - [TEST_STEP][PASSED] - verifyTextPresent("¿Necesitas ayuda?", true): Text '¿Necesitas ayuda?' is present on page  using regular expression

2022-11-28 14:10:56 - [MESSAGE][PASSED] - Text '¿Necesitas ayuda?' is present on page  using regular expression

2022-11-28 14:10:56 - [TEST_STEP][PASSED] - closeBrowser(): Browser is closed

2022-11-28 14:10:57 - [MESSAGE][PASSED] - Browser is closed]]></system-out>
         <system-err><![CDATA[]]></system-err>
      </testcase>
      <system-out><![CDATA[2022-11-28 14:10:01 - [TEST_SUITE][PASSED] - test-suite-load-landing-by-side: Test Cases/homego-load-home-by-side]]></system-out>
      <system-err><![CDATA[]]></system-err>
   </testsuite>
</testsuites>
