<?xml version="1.0" encoding="UTF-8"?>
<testsuites name="test-suite-checkout-pisos-no-client" time="69.072" tests="1" failures="0" errors="0">
   <testsuite name="test-suite-checkout-pisos-no-client" tests="1" failures="0" errors="0" time="69.072" skipped="0" timestamp="2022-11-25 13:29:31" hostname="alvaromendoza - 192.168.1.137" id="Test Suites/test-suite-checkout-pisos-no-client">
      <properties>
         <property name="deviceName" value=""/>
         <property name="devicePlatform" value=""/>
         <property name="logFolder" value="/Users/alvaromendoza/Documents/work/masmovil/alarmas/testing/katalon/katalon/Reports/20221125_132632/test-suite-checkout-pisos-no-client/20221125_132703"/>
         <property name="logFiles" value="/Users/alvaromendoza/Documents/work/masmovil/alarmas/testing/katalon/katalon/Reports/20221125_132632/test-suite-checkout-pisos-no-client/20221125_132703/execution0.log"/>
         <property name="attachments" value=""/>
         <property name="hostName" value="alvaromendoza - 192.168.1.137"/>
         <property name="os" value="Mac OS X 64bit"/>
         <property name="katalonVersion" value="8.5.2.208"/>
         <property name="browser" value="Chrome 107.0.0.0"/>
         <property name="hostAddress" value="192.168.1.137"/>
         <property name="sessionId" value="5d65d66ebf12e470b4caefeb8fee4910"/>
         <property name="seleniumVersion" value="3.141.59"/>
         <property name="proxyInformation" value="ProxyInformation { proxyOption=NO_PROXY, proxyServerType=HTTP, username=, password=********, proxyServerAddress=, proxyServerPort=0, executionList=&quot;&quot;, isApplyToDesiredCapabilities=true }"/>
         <property name="platform" value="Mac OS X"/>
      </properties>
      <testcase name="Test Cases/homego-pisos-checkout" time="68.568" classname="Test Cases/homego-pisos-checkout" status="PASSED">
         <system-out><![CDATA[2022-11-25 13:29:31 - [TEST_CASE][PASSED] - Test Cases/homego-pisos-checkout: Test Cases/homego-pisos-checkout

2022-11-25 13:29:32 - [TEST_STEP][PASSED] - openBrowser("https://yoigo-alarms-frontend.dev.k8s.masmovil.com/"): Browser is opened with url: 'https://yoigo-alarms-frontend.dev.k8s.masmovil.com/'

2022-11-25 13:29:32 - [MESSAGE][INFO] - Starting 'Chrome' driver

2022-11-25 13:29:32 - [MESSAGE][INFO] - Action delay is set to 0 milliseconds

2022-11-25 13:29:57 - [MESSAGE][PASSED] - Browser is opened with url: 'https://yoigo-alarms-frontend.dev.k8s.masmovil.com/'

2022-11-25 13:29:57 - [TEST_STEP][PASSED] - click(findTestObject("Object Repository/Page_Alarmas en Espaa - HomeGO de Yoigo/button_Aceptar")): Object: 'Object Repository/Page_Alarmas en Espaa - HomeGO de Yoigo/button_Aceptar' is clicked on

2022-11-25 13:30:04 - [MESSAGE][PASSED] - Object: 'Object Repository/Page_Alarmas en Espaa - HomeGO de Yoigo/button_Aceptar' is clicked on

2022-11-25 13:30:04 - [TEST_STEP][PASSED] - click(findTestObject("Object Repository/Page_Alarmas en Espaa - HomeGO de Yoigo/a_Ms info")): Object: 'Object Repository/Page_Alarmas en Espaa - HomeGO de Yoigo/a_Ms info' is clicked on

2022-11-25 13:30:09 - [MESSAGE][PASSED] - Object: 'Object Repository/Page_Alarmas en Espaa - HomeGO de Yoigo/a_Ms info' is clicked on

2022-11-25 13:30:09 - [TEST_STEP][PASSED] - click(findTestObject("Object Repository/Page_Alarma para pisos Desde 29,90mes  Yoigo/button_No soy clienteAn no eres cliente Yoigo")): Object: 'Object Repository/Page_Alarma para pisos Desde 29,90mes  Yoigo/button_No soy clienteAn no eres cliente Yoigo' is clicked on

2022-11-25 13:30:19 - [MESSAGE][PASSED] - Object: 'Object Repository/Page_Alarma para pisos Desde 29,90mes  Yoigo/button_No soy clienteAn no eres cliente Yoigo' is clicked on

2022-11-25 13:30:19 - [TEST_STEP][PASSED] - click(findTestObject("Object Repository/Page_Alarma para pisos Desde 29,90mes  Yoigo/a_Lo quiero")): Object: 'Object Repository/Page_Alarma para pisos Desde 29,90mes  Yoigo/a_Lo quiero' is clicked on

2022-11-25 13:30:20 - [MESSAGE][PASSED] - Object: 'Object Repository/Page_Alarma para pisos Desde 29,90mes  Yoigo/a_Lo quiero' is clicked on

2022-11-25 13:30:20 - [TEST_STEP][PASSED] - setText(findTestObject("Object Repository/Page_HomeGO/input_An no eres cliente Yoigo_name"), "testpnc"): Text 'testpnc' is set on object 'Object Repository/Page_HomeGO/input_An no eres cliente Yoigo_name'

2022-11-25 13:30:24 - [MESSAGE][PASSED] - Text 'testpnc' is set on object 'Object Repository/Page_HomeGO/input_An no eres cliente Yoigo_name'

2022-11-25 13:30:24 - [TEST_STEP][PASSED] - setText(findTestObject("Object Repository/Page_HomeGO/input_Nombre y apellidos_phone"), "689209341"): Text '689209341' is set on object 'Object Repository/Page_HomeGO/input_Nombre y apellidos_phone'

2022-11-25 13:30:25 - [MESSAGE][PASSED] - Text '689209341' is set on object 'Object Repository/Page_HomeGO/input_Nombre y apellidos_phone'

2022-11-25 13:30:25 - [TEST_STEP][PASSED] - setText(findTestObject("Object Repository/Page_HomeGO/input_Tu mvil Yoigo_email"), "testpnc@gmail.com"): Text 'testpnc@gmail.com' is set on object 'Object Repository/Page_HomeGO/input_Tu mvil Yoigo_email'

2022-11-25 13:30:26 - [MESSAGE][PASSED] - Text 'testpnc@gmail.com' is set on object 'Object Repository/Page_HomeGO/input_Tu mvil Yoigo_email'

2022-11-25 13:30:26 - [TEST_STEP][PASSED] - click(findTestObject("Object Repository/Page_HomeGO/input_Tu e-mail_legal")): Object: 'Object Repository/Page_HomeGO/input_Tu e-mail_legal' is clicked on

2022-11-25 13:30:27 - [MESSAGE][PASSED] - Object: 'Object Repository/Page_HomeGO/input_Tu e-mail_legal' is clicked on

2022-11-25 13:30:27 - [TEST_STEP][PASSED] - click(findTestObject("Object Repository/Page_HomeGO/button_Confirmar")): Object: 'Object Repository/Page_HomeGO/button_Confirmar' is clicked on

2022-11-25 13:30:27 - [MESSAGE][PASSED] - Object: 'Object Repository/Page_HomeGO/button_Confirmar' is clicked on

2022-11-25 13:30:27 - [TEST_STEP][PASSED] - setText(findTestObject("Object Repository/Page_HomeGO/input_Tipo de documento_docNumber"), "90160253T"): Text '90160253T' is set on object 'Object Repository/Page_HomeGO/input_Tipo de documento_docNumber'

2022-11-25 13:30:29 - [MESSAGE][PASSED] - Text '90160253T' is set on object 'Object Repository/Page_HomeGO/input_Tipo de documento_docNumber'

2022-11-25 13:30:29 - [TEST_STEP][PASSED] - setText(findTestObject("Object Repository/Page_HomeGO/input_Nombre de la empresa_postalCode"), "28050"): Text '28050' is set on object 'Object Repository/Page_HomeGO/input_Nombre de la empresa_postalCode'

2022-11-25 13:30:30 - [MESSAGE][PASSED] - Text '28050' is set on object 'Object Repository/Page_HomeGO/input_Nombre de la empresa_postalCode'

2022-11-25 13:30:30 - [TEST_STEP][PASSED] - setText(findTestObject("Object Repository/Page_HomeGO/input_Cdigo postal_province"), "madrid"): Text 'madrid' is set on object 'Object Repository/Page_HomeGO/input_Cdigo postal_province'

2022-11-25 13:30:32 - [MESSAGE][PASSED] - Text 'madrid' is set on object 'Object Repository/Page_HomeGO/input_Cdigo postal_province'

2022-11-25 13:30:32 - [TEST_STEP][PASSED] - setText(findTestObject("Object Repository/Page_HomeGO/input_Provincia_city"), "madrid"): Text 'madrid' is set on object 'Object Repository/Page_HomeGO/input_Provincia_city'

2022-11-25 13:30:33 - [MESSAGE][PASSED] - Text 'madrid' is set on object 'Object Repository/Page_HomeGO/input_Provincia_city'

2022-11-25 13:30:33 - [TEST_STEP][PASSED] - setText(findTestObject("Object Repository/Page_HomeGO/input_Localidad_type"), "Calle"): Text 'Calle' is set on object 'Object Repository/Page_HomeGO/input_Localidad_type'

2022-11-25 13:30:34 - [MESSAGE][PASSED] - Text 'Calle' is set on object 'Object Repository/Page_HomeGO/input_Localidad_type'

2022-11-25 13:30:34 - [TEST_STEP][PASSED] - setText(findTestObject("Object Repository/Page_HomeGO/input_An no eres cliente Yoigo_name"), "Pintor antonio Saura"): Text 'Pintor antonio Saura' is set on object 'Object Repository/Page_HomeGO/input_An no eres cliente Yoigo_name'

2022-11-25 13:30:35 - [MESSAGE][PASSED] - Text 'Pintor antonio Saura' is set on object 'Object Repository/Page_HomeGO/input_An no eres cliente Yoigo_name'

2022-11-25 13:30:35 - [TEST_STEP][PASSED] - setText(findTestObject("Object Repository/Page_HomeGO/input_Nombre de la va_number"), "14"): Text '14' is set on object 'Object Repository/Page_HomeGO/input_Nombre de la va_number'

2022-11-25 13:30:36 - [MESSAGE][PASSED] - Text '14' is set on object 'Object Repository/Page_HomeGO/input_Nombre de la va_number'

2022-11-25 13:30:36 - [TEST_STEP][PASSED] - scrollToElement(findTestObject("Page_HomeGO/input_Nombre de la va_number"), 0): Scroll to object 'Object Repository/Page_HomeGO/input_Nombre de la va_number' successfully

2022-11-25 13:30:36 - [MESSAGE][WARNING] - Timeout '0' is invalid. Using default page load timeout: '30'

2022-11-25 13:30:36 - [MESSAGE][PASSED] - Scroll to object 'Object Repository/Page_HomeGO/input_Nombre de la va_number' successfully

2022-11-25 13:30:36 - [TEST_STEP][PASSED] - click(findTestObject("Object Repository/Page_HomeGO/button_Continuar")): Object: 'Object Repository/Page_HomeGO/button_Continuar' is clicked on

2022-11-25 13:30:37 - [MESSAGE][PASSED] - Object: 'Object Repository/Page_HomeGO/button_Continuar' is clicked on

2022-11-25 13:30:37 - [TEST_STEP][PASSED] - setText(findTestObject("Object Repository/Page_HomeGO/input_Datos de pago y confirmacin_iban"), "ES5600495298990058356710"): Text 'ES5600495298990058356710' is set on object 'Object Repository/Page_HomeGO/input_Datos de pago y confirmacin_iban'

2022-11-25 13:30:39 - [MESSAGE][PASSED] - Text 'ES5600495298990058356710' is set on object 'Object Repository/Page_HomeGO/input_Datos de pago y confirmacin_iban'

2022-11-25 13:30:39 - [TEST_STEP][PASSED] - click(findTestObject("Object Repository/Page_HomeGO/input_Tu e-mail_legal")): Object: 'Object Repository/Page_HomeGO/input_Tu e-mail_legal' is clicked on

2022-11-25 13:30:39 - [MESSAGE][PASSED] - Object: 'Object Repository/Page_HomeGO/input_Tu e-mail_legal' is clicked on

2022-11-25 13:30:39 - [TEST_STEP][PASSED] - click(findTestObject("Object Repository/Page_HomeGO/button_Confirmar el pedido")): Object: 'Object Repository/Page_HomeGO/button_Confirmar el pedido' is clicked on

2022-11-25 13:30:40 - [MESSAGE][PASSED] - Object: 'Object Repository/Page_HomeGO/button_Confirmar el pedido' is clicked on

2022-11-25 13:30:40 - [TEST_STEP][PASSED] - closeBrowser(): Browser is closed

2022-11-25 13:30:40 - [MESSAGE][PASSED] - Browser is closed]]></system-out>
         <system-err><![CDATA[]]></system-err>
      </testcase>
      <system-out><![CDATA[2022-11-25 13:29:31 - [TEST_SUITE][PASSED] - test-suite-checkout-pisos-no-client: Test Cases/homego-pisos-checkout]]></system-out>
      <system-err><![CDATA[]]></system-err>
   </testsuite>
</testsuites>
